2025-03-07 17:16:09,389:WARNING:
'cuml' is a soft dependency and not included in the pycaret installation. Please run: `pip install cuml` to install.
2025-03-07 17:16:09,389:WARNING:
'cuml' is a soft dependency and not included in the pycaret installation. Please run: `pip install cuml` to install.
2025-03-07 17:16:09,389:WARNING:
'cuml' is a soft dependency and not included in the pycaret installation. Please run: `pip install cuml` to install.
2025-03-07 17:16:09,389:WARNING:
'cuml' is a soft dependency and not included in the pycaret installation. Please run: `pip install cuml` to install.
2025-03-07 17:16:16,405:INFO:PyCaret ClusteringExperiment
2025-03-07 17:16:16,405:INFO:Logging name: cluster-default-name
2025-03-07 17:16:16,405:INFO:ML Usecase: MLUsecase.CLUSTERING
2025-03-07 17:16:16,405:INFO:version 3.3.2
2025-03-07 17:16:16,405:INFO:Initializing setup()
2025-03-07 17:16:16,420:INFO:self.USI: a719
2025-03-07 17:16:16,420:INFO:self._variable_keys: {'memory', 'n_jobs_param', 'seed', '_ml_usecase', 'gpu_param', 'logging_param', 'exp_id', 'idx', 'data', 'html_param', 'X', 'exp_name_log', 'log_plots_param', 'USI', 'gpu_n_jobs_param', 'pipeline', '_available_plots'}
2025-03-07 17:16:16,420:INFO:Checking environment
2025-03-07 17:16:16,420:INFO:python_version: 3.11.11
2025-03-07 17:16:16,420:INFO:python_build: ('main', 'Dec 11 2024 16:34:19')
2025-03-07 17:16:16,420:INFO:machine: AMD64
2025-03-07 17:16:16,420:INFO:platform: Windows-10-10.0.19045-SP0
2025-03-07 17:16:16,420:INFO:Memory: svmem(total=17047588864, available=4062937088, percent=76.2, used=12984651776, free=4062937088)
2025-03-07 17:16:16,420:INFO:Physical Core: 2
2025-03-07 17:16:16,420:INFO:Logical Core: 4
2025-03-07 17:16:16,420:INFO:Checking libraries
2025-03-07 17:16:16,420:INFO:System:
2025-03-07 17:16:16,420:INFO:    python: 3.11.11 | packaged by Anaconda, Inc. | (main, Dec 11 2024, 16:34:19) [MSC v.1929 64 bit (AMD64)]
2025-03-07 17:16:16,420:INFO:executable: C:\Users\biela\.conda\envs\od_zera_do_ai\python.exe
2025-03-07 17:16:16,420:INFO:   machine: Windows-10-10.0.19045-SP0
2025-03-07 17:16:16,420:INFO:PyCaret required dependencies:
2025-03-07 17:16:16,858:INFO:                 pip: 25.0
2025-03-07 17:16:16,858:INFO:          setuptools: 75.8.0
2025-03-07 17:16:16,858:INFO:             pycaret: 3.3.2
2025-03-07 17:16:16,858:INFO:             IPython: 8.30.0
2025-03-07 17:16:16,858:INFO:          ipywidgets: 7.8.1
2025-03-07 17:16:16,858:INFO:                tqdm: 4.67.1
2025-03-07 17:16:16,858:INFO:               numpy: 1.26.4
2025-03-07 17:16:16,858:INFO:              pandas: 2.1.4
2025-03-07 17:16:16,858:INFO:              jinja2: 3.1.5
2025-03-07 17:16:16,858:INFO:               scipy: 1.11.4
2025-03-07 17:16:16,858:INFO:              joblib: 1.2.0
2025-03-07 17:16:16,858:INFO:             sklearn: 1.4.2
2025-03-07 17:16:16,858:INFO:                pyod: 2.0.2
2025-03-07 17:16:16,858:INFO:            imblearn: 0.13.0
2025-03-07 17:16:16,858:INFO:   category_encoders: 2.6.3
2025-03-07 17:16:16,858:INFO:            lightgbm: 4.5.0
2025-03-07 17:16:16,858:INFO:               numba: 0.61.0
2025-03-07 17:16:16,858:INFO:            requests: 2.32.3
2025-03-07 17:16:16,858:INFO:          matplotlib: 3.8.4
2025-03-07 17:16:16,858:INFO:          scikitplot: 0.3.7
2025-03-07 17:16:16,858:INFO:         yellowbrick: 1.5
2025-03-07 17:16:16,858:INFO:              plotly: 6.0.0
2025-03-07 17:16:16,858:INFO:    plotly-resampler: Not installed
2025-03-07 17:16:16,874:INFO:             kaleido: 0.2.1
2025-03-07 17:16:16,874:INFO:           schemdraw: 0.15
2025-03-07 17:16:16,874:INFO:         statsmodels: 0.14.4
2025-03-07 17:16:16,874:INFO:              sktime: 0.26.0
2025-03-07 17:16:16,874:INFO:               tbats: 1.1.3
2025-03-07 17:16:16,874:INFO:            pmdarima: 2.0.4
2025-03-07 17:16:16,874:INFO:              psutil: 5.9.0
2025-03-07 17:16:16,874:INFO:          markupsafe: 3.0.2
2025-03-07 17:16:16,874:INFO:             pickle5: Not installed
2025-03-07 17:16:16,874:INFO:         cloudpickle: 3.0.0
2025-03-07 17:16:16,874:INFO:         deprecation: 2.1.0
2025-03-07 17:16:16,874:INFO:              xxhash: 3.5.0
2025-03-07 17:16:16,874:INFO:           wurlitzer: 3.1.1
2025-03-07 17:16:16,874:INFO:PyCaret optional dependencies:
2025-03-07 17:16:16,936:INFO:                shap: Not installed
2025-03-07 17:16:16,936:INFO:           interpret: Not installed
2025-03-07 17:16:16,936:INFO:                umap: Not installed
2025-03-07 17:16:16,936:INFO:     ydata_profiling: 4.12.1
2025-03-07 17:16:16,936:INFO:  explainerdashboard: Not installed
2025-03-07 17:16:16,936:INFO:             autoviz: Not installed
2025-03-07 17:16:16,936:INFO:           fairlearn: Not installed
2025-03-07 17:16:16,936:INFO:          deepchecks: Not installed
2025-03-07 17:16:16,936:INFO:             xgboost: Not installed
2025-03-07 17:16:16,936:INFO:            catboost: Not installed
2025-03-07 17:16:16,936:INFO:              kmodes: Not installed
2025-03-07 17:16:16,936:INFO:             mlxtend: Not installed
2025-03-07 17:16:16,936:INFO:       statsforecast: Not installed
2025-03-07 17:16:16,936:INFO:        tune_sklearn: Not installed
2025-03-07 17:16:16,936:INFO:                 ray: Not installed
2025-03-07 17:16:16,936:INFO:            hyperopt: Not installed
2025-03-07 17:16:16,936:INFO:              optuna: Not installed
2025-03-07 17:16:16,936:INFO:               skopt: Not installed
2025-03-07 17:16:16,936:INFO:              mlflow: Not installed
2025-03-07 17:16:16,936:INFO:              gradio: Not installed
2025-03-07 17:16:16,936:INFO:             fastapi: Not installed
2025-03-07 17:16:16,936:INFO:             uvicorn: Not installed
2025-03-07 17:16:16,936:INFO:              m2cgen: Not installed
2025-03-07 17:16:16,936:INFO:           evidently: Not installed
2025-03-07 17:16:16,936:INFO:               fugue: Not installed
2025-03-07 17:16:16,936:INFO:           streamlit: 1.42.2
2025-03-07 17:16:16,936:INFO:             prophet: Not installed
2025-03-07 17:16:16,936:INFO:None
2025-03-07 17:16:16,936:INFO:Set up data.
2025-03-07 17:16:16,952:INFO:Set up index.
2025-03-07 17:16:16,952:INFO:Assigning column types.
2025-03-07 17:16:16,952:INFO:Engine successfully changes for model 'kmeans' to 'sklearn'.
2025-03-07 17:16:16,952:INFO:Engine for model 'dbscan' has not been set explicitly, hence returning None.
2025-03-07 17:16:16,952:WARNING:
'kmodes' is a soft dependency and not included in the pycaret installation. Please run: `pip install kmodes` to install.
Alternately, you can install this by running `pip install pycaret[models]`
2025-03-07 17:16:16,952:INFO:Engine for model 'dbscan' has not been set explicitly, hence returning None.
2025-03-07 17:16:16,952:WARNING:
'kmodes' is a soft dependency and not included in the pycaret installation. Please run: `pip install kmodes` to install.
Alternately, you can install this by running `pip install pycaret[models]`
2025-03-07 17:16:16,952:INFO:Engine successfully changes for model 'dbscan' to 'sklearn'.
2025-03-07 17:16:16,952:WARNING:
'kmodes' is a soft dependency and not included in the pycaret installation. Please run: `pip install kmodes` to install.
Alternately, you can install this by running `pip install pycaret[models]`
2025-03-07 17:16:16,952:WARNING:
'kmodes' is a soft dependency and not included in the pycaret installation. Please run: `pip install kmodes` to install.
Alternately, you can install this by running `pip install pycaret[models]`
2025-03-07 17:16:16,968:INFO:Preparing preprocessing pipeline...
2025-03-07 17:16:16,968:INFO:Set up simple imputation.
2025-03-07 17:16:16,968:INFO:Set up encoding of ordinal features.
2025-03-07 17:16:16,968:INFO:Set up encoding of categorical features.
2025-03-07 17:16:17,155:INFO:Finished creating preprocessing pipeline.
2025-03-07 17:16:17,218:INFO:Pipeline: Pipeline(memory=FastMemory(location=C:\Users\biela\AppData\Local\Temp\joblib),
         steps=[('numerical_imputer',
                 TransformerWrapper(include=[], transformer=SimpleImputer())),
                ('categorical_imputer',
                 TransformerWrapper(include=['age', 'edu_level', 'fav_animals',
                                             'fav_place', 'gender'],
                                    transformer=SimpleImputer(strategy='most_frequent'))),
                ('ordinal_encoding',
                 Trans...
                                    transformer=OrdinalEncoder(cols=['gender'],
                                                               handle_missing='return_nan',
                                                               mapping=[{'col': 'gender',
                                                                         'data_type': dtype('O'),
                                                                         'mapping': Kobieta      0
Mężczyzna    1
NaN         -1
dtype: int64}]))),
                ('onehot_encoding',
                 TransformerWrapper(include=['age', 'edu_level', 'fav_animals',
                                             'fav_place'],
                                    transformer=OneHotEncoder(cols=['age',
                                                                    'edu_level',
                                                                    'fav_animals',
                                                                    'fav_place'],
                                                              handle_missing='return_nan',
                                                              use_cat_names=True)))])
2025-03-07 17:16:17,218:INFO:Creating final display dataframe.
2025-03-07 17:16:17,264:INFO:Setup _display_container:                  Description                 Value
0                 Session id                   123
1        Original data shape              (229, 5)
2     Transformed data shape             (229, 21)
3       Categorical features                     5
4   Rows with missing values                 13.1%
5                 Preprocess                  True
6            Imputation type                simple
7         Numeric imputation                  mean
8     Categorical imputation                  mode
9   Maximum one-hot encoding                    -1
10           Encoding method                  None
11                  CPU Jobs                    -1
12                   Use GPU                 False
13            Log Experiment                 False
14           Experiment Name  cluster-default-name
15                       USI                  a719
2025-03-07 17:16:17,280:WARNING:
'kmodes' is a soft dependency and not included in the pycaret installation. Please run: `pip install kmodes` to install.
Alternately, you can install this by running `pip install pycaret[models]`
2025-03-07 17:16:17,280:WARNING:
'kmodes' is a soft dependency and not included in the pycaret installation. Please run: `pip install kmodes` to install.
Alternately, you can install this by running `pip install pycaret[models]`
2025-03-07 17:16:17,280:INFO:setup() successfully completed in 0.96s...............
2025-03-07 17:16:17,624:INFO:Initializing create_model()
2025-03-07 17:16:17,624:INFO:create_model(self=<pycaret.clustering.oop.ClusteringExperiment object at 0x000001842286DD10>, estimator=kmeans, num_clusters=8, fraction=0.05, ground_truth=None, round=4, fit_kwargs=None, experiment_custom_tags=None, verbose=True, system=True, add_to_model_list=True, raise_num_clusters=False, display=None, kwargs={})
2025-03-07 17:16:17,624:INFO:Checking exceptions
2025-03-07 17:16:17,789:INFO:Importing untrained model
2025-03-07 17:16:17,799:INFO:K-Means Clustering Imported successfully
2025-03-07 17:16:17,818:INFO:Fitting Model
2025-03-07 17:16:18,859:WARNING:C:\Users\biela\.conda\envs\od_zera_do_ai\Lib\site-packages\sklearn\cluster\_kmeans.py:1446: UserWarning: KMeans is known to have a memory leak on Windows with MKL, when there are less chunks than available threads. You can avoid it by setting the environment variable OMP_NUM_THREADS=1.
  warnings.warn(

2025-03-07 17:16:18,885:INFO:KMeans(random_state=123)
2025-03-07 17:16:18,885:INFO:create_models() successfully completed......................................
2025-03-07 17:16:18,900:INFO:Uploading results into container
2025-03-07 17:16:18,900:INFO:Uploading model into container now
2025-03-07 17:16:18,931:INFO:_master_model_container: 1
2025-03-07 17:16:18,931:INFO:_display_container: 2
2025-03-07 17:16:18,933:INFO:KMeans(random_state=123)
2025-03-07 17:16:18,933:INFO:create_model() successfully completed......................................
2025-03-07 17:16:19,141:INFO:Initializing plot_model()
2025-03-07 17:16:19,141:INFO:plot_model(self=<pycaret.clustering.oop.ClusteringExperiment object at 0x000001842286DD10>, estimator=KMeans(random_state=123), plot=elbow, scale=1, save=False, fold=None, fit_kwargs=None, plot_kwargs=None, groups=None, feature_name=None, label=False, verbose=True, system=True, display=None, display_format=None)
2025-03-07 17:16:19,141:INFO:Checking exceptions
2025-03-07 17:16:19,149:INFO:Preloading libraries
2025-03-07 17:16:19,150:INFO:Copying training dataset
2025-03-07 17:16:19,150:INFO:Plot type: elbow
2025-03-07 17:16:19,334:INFO:Fitting Model
2025-03-07 17:16:19,334:WARNING:C:\Users\biela\.conda\envs\od_zera_do_ai\Lib\site-packages\sklearn\cluster\_kmeans.py:1446: UserWarning: KMeans is known to have a memory leak on Windows with MKL, when there are less chunks than available threads. You can avoid it by setting the environment variable OMP_NUM_THREADS=1.
  warnings.warn(

2025-03-07 17:16:19,350:WARNING:C:\Users\biela\.conda\envs\od_zera_do_ai\Lib\site-packages\sklearn\cluster\_kmeans.py:1446: UserWarning: KMeans is known to have a memory leak on Windows with MKL, when there are less chunks than available threads. You can avoid it by setting the environment variable OMP_NUM_THREADS=1.
  warnings.warn(

2025-03-07 17:16:19,381:WARNING:C:\Users\biela\.conda\envs\od_zera_do_ai\Lib\site-packages\sklearn\cluster\_kmeans.py:1446: UserWarning: KMeans is known to have a memory leak on Windows with MKL, when there are less chunks than available threads. You can avoid it by setting the environment variable OMP_NUM_THREADS=1.
  warnings.warn(

2025-03-07 17:16:19,446:WARNING:C:\Users\biela\.conda\envs\od_zera_do_ai\Lib\site-packages\sklearn\cluster\_kmeans.py:1446: UserWarning: KMeans is known to have a memory leak on Windows with MKL, when there are less chunks than available threads. You can avoid it by setting the environment variable OMP_NUM_THREADS=1.
  warnings.warn(

2025-03-07 17:16:19,492:WARNING:C:\Users\biela\.conda\envs\od_zera_do_ai\Lib\site-packages\sklearn\cluster\_kmeans.py:1446: UserWarning: KMeans is known to have a memory leak on Windows with MKL, when there are less chunks than available threads. You can avoid it by setting the environment variable OMP_NUM_THREADS=1.
  warnings.warn(

2025-03-07 17:16:19,548:WARNING:C:\Users\biela\.conda\envs\od_zera_do_ai\Lib\site-packages\sklearn\cluster\_kmeans.py:1446: UserWarning: KMeans is known to have a memory leak on Windows with MKL, when there are less chunks than available threads. You can avoid it by setting the environment variable OMP_NUM_THREADS=1.
  warnings.warn(

2025-03-07 17:16:19,615:WARNING:C:\Users\biela\.conda\envs\od_zera_do_ai\Lib\site-packages\sklearn\cluster\_kmeans.py:1446: UserWarning: KMeans is known to have a memory leak on Windows with MKL, when there are less chunks than available threads. You can avoid it by setting the environment variable OMP_NUM_THREADS=1.
  warnings.warn(

2025-03-07 17:16:19,668:WARNING:C:\Users\biela\.conda\envs\od_zera_do_ai\Lib\site-packages\sklearn\cluster\_kmeans.py:1446: UserWarning: KMeans is known to have a memory leak on Windows with MKL, when there are less chunks than available threads. You can avoid it by setting the environment variable OMP_NUM_THREADS=1.
  warnings.warn(

2025-03-07 17:16:19,745:WARNING:C:\Users\biela\.conda\envs\od_zera_do_ai\Lib\site-packages\sklearn\cluster\_kmeans.py:1446: UserWarning: KMeans is known to have a memory leak on Windows with MKL, when there are less chunks than available threads. You can avoid it by setting the environment variable OMP_NUM_THREADS=1.
  warnings.warn(

2025-03-07 17:16:20,605:INFO:Visual Rendered Successfully
2025-03-07 17:16:20,840:INFO:plot_model() successfully completed......................................
2025-03-07 17:16:20,872:INFO:Initializing assign_model()
2025-03-07 17:16:20,875:INFO:assign_model(self=<pycaret.clustering.oop.ClusteringExperiment object at 0x000001842286DD10>, model=KMeans(random_state=123), transformation=False, score=True, verbose=True)
2025-03-07 17:16:20,876:INFO:Checking exceptions
2025-03-07 17:16:20,876:INFO:Determining Trained Model
2025-03-07 17:16:20,877:INFO:Trained Model : K-Means Clustering
2025-03-07 17:16:20,877:INFO:Copying data
2025-03-07 17:16:20,881:INFO:(229, 6)
2025-03-07 17:16:20,882:INFO:assign_model() successfully completed......................................
2025-03-07 17:16:21,023:INFO:Initializing plot_model()
2025-03-07 17:16:21,024:INFO:plot_model(self=<pycaret.clustering.oop.ClusteringExperiment object at 0x000001842286DD10>, estimator=KMeans(random_state=123), plot=cluster, scale=1, save=False, fold=None, fit_kwargs=None, plot_kwargs=None, groups=None, feature_name=None, label=False, verbose=True, system=True, display=None, display_format=None)
2025-03-07 17:16:21,024:INFO:Checking exceptions
2025-03-07 17:16:21,033:INFO:Preloading libraries
2025-03-07 17:16:21,035:INFO:Copying training dataset
2025-03-07 17:16:21,035:INFO:Plot type: cluster
2025-03-07 17:16:21,036:INFO:SubProcess assign_model() called ==================================
2025-03-07 17:16:21,038:INFO:Initializing assign_model()
2025-03-07 17:16:21,038:INFO:assign_model(self=<pycaret.clustering.oop.ClusteringExperiment object at 0x000001842286DD10>, model=KMeans(random_state=123), transformation=True, score=True, verbose=False)
2025-03-07 17:16:21,038:INFO:Checking exceptions
2025-03-07 17:16:21,039:INFO:Determining Trained Model
2025-03-07 17:16:21,040:INFO:Trained Model : K-Means Clustering
2025-03-07 17:16:21,040:INFO:Copying data
2025-03-07 17:16:21,107:INFO:Transformation parameter set to True. Assigned clusters are attached on transformed dataset.
2025-03-07 17:16:21,107:INFO:(229, 22)
2025-03-07 17:16:21,107:INFO:assign_model() successfully completed......................................
2025-03-07 17:16:21,107:INFO:SubProcess assign_model() end ==================================
2025-03-07 17:16:21,107:INFO:Fitting PCA()
2025-03-07 17:16:21,123:INFO:Sorting dataframe
2025-03-07 17:16:21,139:INFO:Rendering Visual
2025-03-07 17:16:24,793:INFO:Visual Rendered Successfully
2025-03-07 17:16:25,017:INFO:plot_model() successfully completed......................................
2025-03-07 17:16:25,126:INFO:Initializing save_model()
2025-03-07 17:16:25,126:INFO:save_model(model=KMeans(random_state=123), model_name=welcome_survey_clustering_pipeline_v2, prep_pipe_=Pipeline(memory=FastMemory(location=C:\Users\biela\AppData\Local\Temp\joblib),
         steps=[('numerical_imputer',
                 TransformerWrapper(include=[], transformer=SimpleImputer())),
                ('categorical_imputer',
                 TransformerWrapper(include=['age', 'edu_level', 'fav_animals',
                                             'fav_place', 'gender'],
                                    transformer=SimpleImputer(strategy='most_frequent'))),
                ('ordinal_encoding',
                 Trans...
                                    transformer=OrdinalEncoder(cols=['gender'],
                                                               handle_missing='return_nan',
                                                               mapping=[{'col': 'gender',
                                                                         'data_type': dtype('O'),
                                                                         'mapping': Kobieta      0
Mężczyzna    1
NaN         -1
dtype: int64}]))),
                ('onehot_encoding',
                 TransformerWrapper(include=['age', 'edu_level', 'fav_animals',
                                             'fav_place'],
                                    transformer=OneHotEncoder(cols=['age',
                                                                    'edu_level',
                                                                    'fav_animals',
                                                                    'fav_place'],
                                                              handle_missing='return_nan',
                                                              use_cat_names=True)))]), verbose=False, use_case=MLUsecase.CLUSTERING, kwargs={})
2025-03-07 17:16:25,126:INFO:Adding model into prep_pipe
2025-03-07 17:16:25,169:INFO:welcome_survey_clustering_pipeline_v2.pkl saved in current working directory
2025-03-07 17:16:25,223:INFO:Pipeline(memory=Memory(location=None),
         steps=[('numerical_imputer',
                 TransformerWrapper(include=[], transformer=SimpleImputer())),
                ('categorical_imputer',
                 TransformerWrapper(include=['age', 'edu_level', 'fav_animals',
                                             'fav_place', 'gender'],
                                    transformer=SimpleImputer(strategy='most_frequent'))),
                ('ordinal_encoding',
                 TransformerWrapper(include=['gender'],
                                    transfo...
                                                               mapping=[{'col': 'gender',
                                                                         'data_type': dtype('O'),
                                                                         'mapping': Kobieta      0
Mężczyzna    1
NaN         -1
dtype: int64}]))),
                ('onehot_encoding',
                 TransformerWrapper(include=['age', 'edu_level', 'fav_animals',
                                             'fav_place'],
                                    transformer=OneHotEncoder(cols=['age',
                                                                    'edu_level',
                                                                    'fav_animals',
                                                                    'fav_place'],
                                                              handle_missing='return_nan',
                                                              use_cat_names=True))),
                ('trained_model', KMeans(random_state=123))])
2025-03-07 17:16:25,223:INFO:save_model() successfully completed......................................
2025-03-07 17:16:25,797:INFO:Initializing load_model()
2025-03-07 17:16:25,798:INFO:load_model(model_name=welcome_survey_clustering_pipeline_v2, platform=None, authentication=None, verbose=True)
2025-03-07 17:16:26,326:INFO:Initializing predict_model()
2025-03-07 17:16:26,326:INFO:predict_model(self=<pycaret.clustering.oop.ClusteringExperiment object at 0x000001842286DD10>, estimator=Pipeline(memory=FastMemory(location=C:\Users\biela\AppData\Local\Temp\joblib),
         steps=[('numerical_imputer',
                 TransformerWrapper(include=[], transformer=SimpleImputer())),
                ('categorical_imputer',
                 TransformerWrapper(include=['age', 'edu_level', 'fav_animals',
                                             'fav_place', 'gender'],
                                    transformer=SimpleImputer(strategy='most_frequent'))),
                ('ordinal_encoding',
                 Trans...
                                                               mapping=[{'col': 'gender',
                                                                         'data_type': dtype('O'),
                                                                         'mapping': Kobieta      0
Mężczyzna    1
NaN         -1
dtype: int64}]))),
                ('onehot_encoding',
                 TransformerWrapper(include=['age', 'edu_level', 'fav_animals',
                                             'fav_place'],
                                    transformer=OneHotEncoder(cols=['age',
                                                                    'edu_level',
                                                                    'fav_animals',
                                                                    'fav_place'],
                                                              handle_missing='return_nan',
                                                              use_cat_names=True))),
                ('trained_model', KMeans(random_state=123))]), ml_usecase=None)
2025-03-07 17:16:26,326:INFO:Set up data.
2025-03-07 17:16:27,464:INFO:Initializing load_model()
2025-03-07 17:16:27,464:INFO:load_model(model_name=welcome_survey_clustering_pipeline_v2, platform=None, authentication=None, verbose=True)
2025-03-07 17:16:27,613:INFO:Initializing predict_model()
2025-03-07 17:16:27,614:INFO:predict_model(self=<pycaret.clustering.oop.ClusteringExperiment object at 0x000001842286DD10>, estimator=Pipeline(memory=FastMemory(location=C:\Users\biela\AppData\Local\Temp\joblib),
         steps=[('numerical_imputer',
                 TransformerWrapper(include=[], transformer=SimpleImputer())),
                ('categorical_imputer',
                 TransformerWrapper(include=['age', 'edu_level', 'fav_animals',
                                             'fav_place', 'gender'],
                                    transformer=SimpleImputer(strategy='most_frequent'))),
                ('ordinal_encoding',
                 Trans...
                                                               mapping=[{'col': 'gender',
                                                                         'data_type': dtype('O'),
                                                                         'mapping': Kobieta      0
Mężczyzna    1
NaN         -1
dtype: int64}]))),
                ('onehot_encoding',
                 TransformerWrapper(include=['age', 'edu_level', 'fav_animals',
                                             'fav_place'],
                                    transformer=OneHotEncoder(cols=['age',
                                                                    'edu_level',
                                                                    'fav_animals',
                                                                    'fav_place'],
                                                              handle_missing='return_nan',
                                                              use_cat_names=True))),
                ('trained_model', KMeans(random_state=123))]), ml_usecase=None)
2025-03-07 17:16:27,614:INFO:Set up data.
2025-03-07 17:16:58,960:INFO:PyCaret ClusteringExperiment
2025-03-07 17:16:58,960:INFO:Logging name: cluster-default-name
2025-03-07 17:16:58,960:INFO:ML Usecase: MLUsecase.CLUSTERING
2025-03-07 17:16:58,960:INFO:version 3.3.2
2025-03-07 17:16:58,960:INFO:Initializing setup()
2025-03-07 17:16:58,960:INFO:self.USI: ebf1
2025-03-07 17:16:58,960:INFO:self._variable_keys: {'memory', 'n_jobs_param', 'seed', '_ml_usecase', 'gpu_param', 'logging_param', 'exp_id', 'idx', 'data', 'html_param', 'X', 'exp_name_log', 'log_plots_param', 'USI', 'gpu_n_jobs_param', 'pipeline', '_available_plots'}
2025-03-07 17:16:58,960:INFO:Checking environment
2025-03-07 17:16:58,960:INFO:python_version: 3.11.11
2025-03-07 17:16:58,960:INFO:python_build: ('main', 'Dec 11 2024 16:34:19')
2025-03-07 17:16:58,960:INFO:machine: AMD64
2025-03-07 17:16:58,960:INFO:platform: Windows-10-10.0.19045-SP0
2025-03-07 17:16:58,960:INFO:Memory: svmem(total=17047588864, available=4159590400, percent=75.6, used=12887998464, free=4159590400)
2025-03-07 17:16:58,960:INFO:Physical Core: 2
2025-03-07 17:16:58,960:INFO:Logical Core: 4
2025-03-07 17:16:58,960:INFO:Checking libraries
2025-03-07 17:16:58,960:INFO:System:
2025-03-07 17:16:58,960:INFO:    python: 3.11.11 | packaged by Anaconda, Inc. | (main, Dec 11 2024, 16:34:19) [MSC v.1929 64 bit (AMD64)]
2025-03-07 17:16:58,960:INFO:executable: C:\Users\biela\.conda\envs\od_zera_do_ai\python.exe
2025-03-07 17:16:58,960:INFO:   machine: Windows-10-10.0.19045-SP0
2025-03-07 17:16:58,960:INFO:PyCaret required dependencies:
2025-03-07 17:16:58,960:INFO:                 pip: 25.0
2025-03-07 17:16:58,960:INFO:          setuptools: 75.8.0
2025-03-07 17:16:58,970:INFO:             pycaret: 3.3.2
2025-03-07 17:16:58,970:INFO:             IPython: 8.30.0
2025-03-07 17:16:58,971:INFO:          ipywidgets: 7.8.1
2025-03-07 17:16:58,971:INFO:                tqdm: 4.67.1
2025-03-07 17:16:58,971:INFO:               numpy: 1.26.4
2025-03-07 17:16:58,971:INFO:              pandas: 2.1.4
2025-03-07 17:16:58,972:INFO:              jinja2: 3.1.5
2025-03-07 17:16:58,972:INFO:               scipy: 1.11.4
2025-03-07 17:16:58,972:INFO:              joblib: 1.2.0
2025-03-07 17:16:58,972:INFO:             sklearn: 1.4.2
2025-03-07 17:16:58,973:INFO:                pyod: 2.0.2
2025-03-07 17:16:58,973:INFO:            imblearn: 0.13.0
2025-03-07 17:16:58,973:INFO:   category_encoders: 2.6.3
2025-03-07 17:16:58,973:INFO:            lightgbm: 4.5.0
2025-03-07 17:16:58,973:INFO:               numba: 0.61.0
2025-03-07 17:16:58,974:INFO:            requests: 2.32.3
2025-03-07 17:16:58,974:INFO:          matplotlib: 3.8.4
2025-03-07 17:16:58,974:INFO:          scikitplot: 0.3.7
2025-03-07 17:16:58,974:INFO:         yellowbrick: 1.5
2025-03-07 17:16:58,974:INFO:              plotly: 6.0.0
2025-03-07 17:16:58,974:INFO:    plotly-resampler: Not installed
2025-03-07 17:16:58,974:INFO:             kaleido: 0.2.1
2025-03-07 17:16:58,974:INFO:           schemdraw: 0.15
2025-03-07 17:16:58,974:INFO:         statsmodels: 0.14.4
2025-03-07 17:16:58,974:INFO:              sktime: 0.26.0
2025-03-07 17:16:58,974:INFO:               tbats: 1.1.3
2025-03-07 17:16:58,975:INFO:            pmdarima: 2.0.4
2025-03-07 17:16:58,975:INFO:              psutil: 5.9.0
2025-03-07 17:16:58,975:INFO:          markupsafe: 3.0.2
2025-03-07 17:16:58,975:INFO:             pickle5: Not installed
2025-03-07 17:16:58,975:INFO:         cloudpickle: 3.0.0
2025-03-07 17:16:58,975:INFO:         deprecation: 2.1.0
2025-03-07 17:16:58,975:INFO:              xxhash: 3.5.0
2025-03-07 17:16:58,975:INFO:           wurlitzer: 3.1.1
2025-03-07 17:16:58,976:INFO:PyCaret optional dependencies:
2025-03-07 17:16:58,976:INFO:                shap: Not installed
2025-03-07 17:16:58,976:INFO:           interpret: Not installed
2025-03-07 17:16:58,976:INFO:                umap: Not installed
2025-03-07 17:16:58,976:INFO:     ydata_profiling: 4.12.1
2025-03-07 17:16:58,976:INFO:  explainerdashboard: Not installed
2025-03-07 17:16:58,976:INFO:             autoviz: Not installed
2025-03-07 17:16:58,977:INFO:           fairlearn: Not installed
2025-03-07 17:16:58,977:INFO:          deepchecks: Not installed
2025-03-07 17:16:58,977:INFO:             xgboost: Not installed
2025-03-07 17:16:58,977:INFO:            catboost: Not installed
2025-03-07 17:16:58,977:INFO:              kmodes: Not installed
2025-03-07 17:16:58,977:INFO:             mlxtend: Not installed
2025-03-07 17:16:58,977:INFO:       statsforecast: Not installed
2025-03-07 17:16:58,977:INFO:        tune_sklearn: Not installed
2025-03-07 17:16:58,977:INFO:                 ray: Not installed
2025-03-07 17:16:58,977:INFO:            hyperopt: Not installed
2025-03-07 17:16:58,977:INFO:              optuna: Not installed
2025-03-07 17:16:58,978:INFO:               skopt: Not installed
2025-03-07 17:16:58,978:INFO:              mlflow: Not installed
2025-03-07 17:16:58,978:INFO:              gradio: Not installed
2025-03-07 17:16:58,978:INFO:             fastapi: Not installed
2025-03-07 17:16:58,978:INFO:             uvicorn: Not installed
2025-03-07 17:16:58,978:INFO:              m2cgen: Not installed
2025-03-07 17:16:58,978:INFO:           evidently: Not installed
2025-03-07 17:16:58,978:INFO:               fugue: Not installed
2025-03-07 17:16:58,978:INFO:           streamlit: 1.42.2
2025-03-07 17:16:58,978:INFO:             prophet: Not installed
2025-03-07 17:16:58,979:INFO:None
2025-03-07 17:16:58,979:INFO:Set up data.
2025-03-07 17:16:58,984:INFO:Set up index.
2025-03-07 17:16:58,984:INFO:Assigning column types.
2025-03-07 17:16:58,988:INFO:Engine successfully changes for model 'kmeans' to 'sklearn'.
2025-03-07 17:16:58,989:INFO:Engine for model 'dbscan' has not been set explicitly, hence returning None.
2025-03-07 17:16:58,989:WARNING:
'kmodes' is a soft dependency and not included in the pycaret installation. Please run: `pip install kmodes` to install.
Alternately, you can install this by running `pip install pycaret[models]`
2025-03-07 17:16:58,989:INFO:Engine for model 'dbscan' has not been set explicitly, hence returning None.
2025-03-07 17:16:58,990:WARNING:
'kmodes' is a soft dependency and not included in the pycaret installation. Please run: `pip install kmodes` to install.
Alternately, you can install this by running `pip install pycaret[models]`
2025-03-07 17:16:58,990:INFO:Engine successfully changes for model 'dbscan' to 'sklearn'.
2025-03-07 17:16:58,990:WARNING:
'kmodes' is a soft dependency and not included in the pycaret installation. Please run: `pip install kmodes` to install.
Alternately, you can install this by running `pip install pycaret[models]`
2025-03-07 17:16:58,991:WARNING:
'kmodes' is a soft dependency and not included in the pycaret installation. Please run: `pip install kmodes` to install.
Alternately, you can install this by running `pip install pycaret[models]`
2025-03-07 17:16:58,993:INFO:Preparing preprocessing pipeline...
2025-03-07 17:16:58,993:INFO:Set up simple imputation.
2025-03-07 17:16:58,996:INFO:Set up encoding of ordinal features.
2025-03-07 17:16:58,998:INFO:Set up encoding of categorical features.
2025-03-07 17:16:59,110:INFO:Finished creating preprocessing pipeline.
2025-03-07 17:16:59,167:INFO:Pipeline: Pipeline(memory=FastMemory(location=C:\Users\biela\AppData\Local\Temp\joblib),
         steps=[('numerical_imputer',
                 TransformerWrapper(include=[], transformer=SimpleImputer())),
                ('categorical_imputer',
                 TransformerWrapper(include=['age', 'edu_level', 'fav_animals',
                                             'fav_place', 'gender'],
                                    transformer=SimpleImputer(strategy='most_frequent'))),
                ('ordinal_encoding',
                 Trans...
                                    transformer=OrdinalEncoder(cols=['gender'],
                                                               handle_missing='return_nan',
                                                               mapping=[{'col': 'gender',
                                                                         'data_type': dtype('O'),
                                                                         'mapping': Kobieta      0
Mężczyzna    1
NaN         -1
dtype: int64}]))),
                ('onehot_encoding',
                 TransformerWrapper(include=['age', 'edu_level', 'fav_animals',
                                             'fav_place'],
                                    transformer=OneHotEncoder(cols=['age',
                                                                    'edu_level',
                                                                    'fav_animals',
                                                                    'fav_place'],
                                                              handle_missing='return_nan',
                                                              use_cat_names=True)))])
2025-03-07 17:16:59,167:INFO:Creating final display dataframe.
2025-03-07 17:16:59,199:INFO:Setup _display_container:                  Description                 Value
0                 Session id                   123
1        Original data shape              (229, 5)
2     Transformed data shape             (229, 21)
3       Categorical features                     5
4   Rows with missing values                 13.1%
5                 Preprocess                  True
6            Imputation type                simple
7         Numeric imputation                  mean
8     Categorical imputation                  mode
9   Maximum one-hot encoding                    -1
10           Encoding method                  None
11                  CPU Jobs                    -1
12                   Use GPU                 False
13            Log Experiment                 False
14           Experiment Name  cluster-default-name
15                       USI                  ebf1
2025-03-07 17:16:59,199:WARNING:
'kmodes' is a soft dependency and not included in the pycaret installation. Please run: `pip install kmodes` to install.
Alternately, you can install this by running `pip install pycaret[models]`
2025-03-07 17:16:59,199:WARNING:
'kmodes' is a soft dependency and not included in the pycaret installation. Please run: `pip install kmodes` to install.
Alternately, you can install this by running `pip install pycaret[models]`
2025-03-07 17:16:59,210:INFO:setup() successfully completed in 0.29s...............
2025-03-07 17:16:59,387:INFO:Initializing create_model()
2025-03-07 17:16:59,387:INFO:create_model(self=<pycaret.clustering.oop.ClusteringExperiment object at 0x000001842283BB50>, estimator=kmeans, num_clusters=8, fraction=0.05, ground_truth=None, round=4, fit_kwargs=None, experiment_custom_tags=None, verbose=True, system=True, add_to_model_list=True, raise_num_clusters=False, display=None, kwargs={})
2025-03-07 17:16:59,387:INFO:Checking exceptions
2025-03-07 17:16:59,493:INFO:Importing untrained model
2025-03-07 17:16:59,509:INFO:K-Means Clustering Imported successfully
2025-03-07 17:16:59,525:INFO:Fitting Model
2025-03-07 17:17:00,106:WARNING:C:\Users\biela\.conda\envs\od_zera_do_ai\Lib\site-packages\sklearn\cluster\_kmeans.py:1446: UserWarning:

KMeans is known to have a memory leak on Windows with MKL, when there are less chunks than available threads. You can avoid it by setting the environment variable OMP_NUM_THREADS=1.


2025-03-07 17:17:00,339:INFO:KMeans(random_state=123)
2025-03-07 17:17:00,340:INFO:create_models() successfully completed......................................
2025-03-07 17:17:00,355:INFO:Uploading results into container
2025-03-07 17:17:00,357:INFO:Uploading model into container now
2025-03-07 17:17:00,391:INFO:_master_model_container: 1
2025-03-07 17:17:00,392:INFO:_display_container: 2
2025-03-07 17:17:00,398:INFO:KMeans(random_state=123)
2025-03-07 17:17:00,399:INFO:create_model() successfully completed......................................
2025-03-07 17:17:00,769:INFO:Initializing plot_model()
2025-03-07 17:17:00,769:INFO:plot_model(self=<pycaret.clustering.oop.ClusteringExperiment object at 0x000001842283BB50>, estimator=KMeans(random_state=123), plot=elbow, scale=1, save=False, fold=None, fit_kwargs=None, plot_kwargs=None, groups=None, feature_name=None, label=False, verbose=True, system=True, display=None, display_format=None)
2025-03-07 17:17:00,770:INFO:Checking exceptions
2025-03-07 17:17:00,786:INFO:Preloading libraries
2025-03-07 17:17:00,789:INFO:Copying training dataset
2025-03-07 17:17:00,789:INFO:Plot type: elbow
2025-03-07 17:17:00,873:INFO:Fitting Model
2025-03-07 17:17:00,873:WARNING:C:\Users\biela\.conda\envs\od_zera_do_ai\Lib\site-packages\sklearn\cluster\_kmeans.py:1446: UserWarning:

KMeans is known to have a memory leak on Windows with MKL, when there are less chunks than available threads. You can avoid it by setting the environment variable OMP_NUM_THREADS=1.


2025-03-07 17:17:00,889:WARNING:C:\Users\biela\.conda\envs\od_zera_do_ai\Lib\site-packages\sklearn\cluster\_kmeans.py:1446: UserWarning:

KMeans is known to have a memory leak on Windows with MKL, when there are less chunks than available threads. You can avoid it by setting the environment variable OMP_NUM_THREADS=1.


2025-03-07 17:17:00,904:WARNING:C:\Users\biela\.conda\envs\od_zera_do_ai\Lib\site-packages\sklearn\cluster\_kmeans.py:1446: UserWarning:

KMeans is known to have a memory leak on Windows with MKL, when there are less chunks than available threads. You can avoid it by setting the environment variable OMP_NUM_THREADS=1.


2025-03-07 17:17:00,935:WARNING:C:\Users\biela\.conda\envs\od_zera_do_ai\Lib\site-packages\sklearn\cluster\_kmeans.py:1446: UserWarning:

KMeans is known to have a memory leak on Windows with MKL, when there are less chunks than available threads. You can avoid it by setting the environment variable OMP_NUM_THREADS=1.


2025-03-07 17:17:00,978:WARNING:C:\Users\biela\.conda\envs\od_zera_do_ai\Lib\site-packages\sklearn\cluster\_kmeans.py:1446: UserWarning:

KMeans is known to have a memory leak on Windows with MKL, when there are less chunks than available threads. You can avoid it by setting the environment variable OMP_NUM_THREADS=1.


2025-03-07 17:17:01,018:WARNING:C:\Users\biela\.conda\envs\od_zera_do_ai\Lib\site-packages\sklearn\cluster\_kmeans.py:1446: UserWarning:

KMeans is known to have a memory leak on Windows with MKL, when there are less chunks than available threads. You can avoid it by setting the environment variable OMP_NUM_THREADS=1.


2025-03-07 17:17:01,047:WARNING:C:\Users\biela\.conda\envs\od_zera_do_ai\Lib\site-packages\sklearn\cluster\_kmeans.py:1446: UserWarning:

KMeans is known to have a memory leak on Windows with MKL, when there are less chunks than available threads. You can avoid it by setting the environment variable OMP_NUM_THREADS=1.


2025-03-07 17:17:01,076:WARNING:C:\Users\biela\.conda\envs\od_zera_do_ai\Lib\site-packages\sklearn\cluster\_kmeans.py:1446: UserWarning:

KMeans is known to have a memory leak on Windows with MKL, when there are less chunks than available threads. You can avoid it by setting the environment variable OMP_NUM_THREADS=1.


2025-03-07 17:17:01,114:WARNING:C:\Users\biela\.conda\envs\od_zera_do_ai\Lib\site-packages\sklearn\cluster\_kmeans.py:1446: UserWarning:

KMeans is known to have a memory leak on Windows with MKL, when there are less chunks than available threads. You can avoid it by setting the environment variable OMP_NUM_THREADS=1.


2025-03-07 17:17:01,717:INFO:Visual Rendered Successfully
2025-03-07 17:17:01,848:INFO:plot_model() successfully completed......................................
2025-03-07 17:17:01,880:INFO:Initializing assign_model()
2025-03-07 17:17:01,881:INFO:assign_model(self=<pycaret.clustering.oop.ClusteringExperiment object at 0x000001842283BB50>, model=KMeans(random_state=123), transformation=False, score=True, verbose=True)
2025-03-07 17:17:01,881:INFO:Checking exceptions
2025-03-07 17:17:01,881:INFO:Determining Trained Model
2025-03-07 17:17:01,882:INFO:Trained Model : K-Means Clustering
2025-03-07 17:17:01,882:INFO:Copying data
2025-03-07 17:17:01,887:INFO:(229, 6)
2025-03-07 17:17:01,887:INFO:assign_model() successfully completed......................................
2025-03-07 17:17:01,970:INFO:Initializing plot_model()
2025-03-07 17:17:01,970:INFO:plot_model(self=<pycaret.clustering.oop.ClusteringExperiment object at 0x000001842283BB50>, estimator=KMeans(random_state=123), plot=cluster, scale=1, save=False, fold=None, fit_kwargs=None, plot_kwargs=None, groups=None, feature_name=None, label=False, verbose=True, system=True, display=None, display_format=None)
2025-03-07 17:17:01,971:INFO:Checking exceptions
2025-03-07 17:17:01,983:INFO:Preloading libraries
2025-03-07 17:17:01,984:INFO:Copying training dataset
2025-03-07 17:17:01,984:INFO:Plot type: cluster
2025-03-07 17:17:01,986:INFO:SubProcess assign_model() called ==================================
2025-03-07 17:17:01,987:INFO:Initializing assign_model()
2025-03-07 17:17:01,988:INFO:assign_model(self=<pycaret.clustering.oop.ClusteringExperiment object at 0x000001842283BB50>, model=KMeans(random_state=123), transformation=True, score=True, verbose=False)
2025-03-07 17:17:01,988:INFO:Checking exceptions
2025-03-07 17:17:01,988:INFO:Determining Trained Model
2025-03-07 17:17:01,989:INFO:Trained Model : K-Means Clustering
2025-03-07 17:17:01,989:INFO:Copying data
2025-03-07 17:17:02,018:INFO:Transformation parameter set to True. Assigned clusters are attached on transformed dataset.
2025-03-07 17:17:02,018:INFO:(229, 22)
2025-03-07 17:17:02,018:INFO:assign_model() successfully completed......................................
2025-03-07 17:17:02,018:INFO:SubProcess assign_model() end ==================================
2025-03-07 17:17:02,018:INFO:Fitting PCA()
2025-03-07 17:17:02,018:INFO:Sorting dataframe
2025-03-07 17:17:02,018:INFO:Rendering Visual
2025-03-07 17:17:02,222:INFO:Visual Rendered Successfully
2025-03-07 17:17:02,372:INFO:plot_model() successfully completed......................................
2025-03-07 17:17:02,478:INFO:Initializing save_model()
2025-03-07 17:17:02,478:INFO:save_model(model=KMeans(random_state=123), model_name=welcome_survey_clustering_pipeline_v2, prep_pipe_=Pipeline(memory=FastMemory(location=C:\Users\biela\AppData\Local\Temp\joblib),
         steps=[('numerical_imputer',
                 TransformerWrapper(include=[], transformer=SimpleImputer())),
                ('categorical_imputer',
                 TransformerWrapper(include=['age', 'edu_level', 'fav_animals',
                                             'fav_place', 'gender'],
                                    transformer=SimpleImputer(strategy='most_frequent'))),
                ('ordinal_encoding',
                 Trans...
                                    transformer=OrdinalEncoder(cols=['gender'],
                                                               handle_missing='return_nan',
                                                               mapping=[{'col': 'gender',
                                                                         'data_type': dtype('O'),
                                                                         'mapping': Kobieta      0
Mężczyzna    1
NaN         -1
dtype: int64}]))),
                ('onehot_encoding',
                 TransformerWrapper(include=['age', 'edu_level', 'fav_animals',
                                             'fav_place'],
                                    transformer=OneHotEncoder(cols=['age',
                                                                    'edu_level',
                                                                    'fav_animals',
                                                                    'fav_place'],
                                                              handle_missing='return_nan',
                                                              use_cat_names=True)))]), verbose=False, use_case=MLUsecase.CLUSTERING, kwargs={})
2025-03-07 17:17:02,478:INFO:Adding model into prep_pipe
2025-03-07 17:17:02,506:INFO:welcome_survey_clustering_pipeline_v2.pkl saved in current working directory
2025-03-07 17:17:02,594:INFO:Pipeline(memory=Memory(location=None),
         steps=[('numerical_imputer',
                 TransformerWrapper(include=[], transformer=SimpleImputer())),
                ('categorical_imputer',
                 TransformerWrapper(include=['age', 'edu_level', 'fav_animals',
                                             'fav_place', 'gender'],
                                    transformer=SimpleImputer(strategy='most_frequent'))),
                ('ordinal_encoding',
                 TransformerWrapper(include=['gender'],
                                    transfo...
                                                               mapping=[{'col': 'gender',
                                                                         'data_type': dtype('O'),
                                                                         'mapping': Kobieta      0
Mężczyzna    1
NaN         -1
dtype: int64}]))),
                ('onehot_encoding',
                 TransformerWrapper(include=['age', 'edu_level', 'fav_animals',
                                             'fav_place'],
                                    transformer=OneHotEncoder(cols=['age',
                                                                    'edu_level',
                                                                    'fav_animals',
                                                                    'fav_place'],
                                                              handle_missing='return_nan',
                                                              use_cat_names=True))),
                ('trained_model', KMeans(random_state=123))])
2025-03-07 17:17:02,594:INFO:save_model() successfully completed......................................
2025-03-07 17:17:02,846:INFO:Initializing load_model()
2025-03-07 17:17:02,847:INFO:load_model(model_name=welcome_survey_clustering_pipeline_v2, platform=None, authentication=None, verbose=True)
2025-03-07 17:17:03,152:INFO:Initializing predict_model()
2025-03-07 17:17:03,152:INFO:predict_model(self=<pycaret.clustering.oop.ClusteringExperiment object at 0x000001842283BB50>, estimator=Pipeline(memory=FastMemory(location=C:\Users\biela\AppData\Local\Temp\joblib),
         steps=[('numerical_imputer',
                 TransformerWrapper(include=[], transformer=SimpleImputer())),
                ('categorical_imputer',
                 TransformerWrapper(include=['age', 'edu_level', 'fav_animals',
                                             'fav_place', 'gender'],
                                    transformer=SimpleImputer(strategy='most_frequent'))),
                ('ordinal_encoding',
                 Trans...
                                                               mapping=[{'col': 'gender',
                                                                         'data_type': dtype('O'),
                                                                         'mapping': Kobieta      0
Mężczyzna    1
NaN         -1
dtype: int64}]))),
                ('onehot_encoding',
                 TransformerWrapper(include=['age', 'edu_level', 'fav_animals',
                                             'fav_place'],
                                    transformer=OneHotEncoder(cols=['age',
                                                                    'edu_level',
                                                                    'fav_animals',
                                                                    'fav_place'],
                                                              handle_missing='return_nan',
                                                              use_cat_names=True))),
                ('trained_model', KMeans(random_state=123))]), ml_usecase=None)
2025-03-07 17:17:03,153:INFO:Set up data.
2025-03-07 17:17:04,004:INFO:Initializing load_model()
2025-03-07 17:17:04,005:INFO:load_model(model_name=welcome_survey_clustering_pipeline_v2, platform=None, authentication=None, verbose=True)
2025-03-07 17:17:04,250:INFO:Initializing predict_model()
2025-03-07 17:17:04,250:INFO:predict_model(self=<pycaret.clustering.oop.ClusteringExperiment object at 0x000001842283BB50>, estimator=Pipeline(memory=FastMemory(location=C:\Users\biela\AppData\Local\Temp\joblib),
         steps=[('numerical_imputer',
                 TransformerWrapper(include=[], transformer=SimpleImputer())),
                ('categorical_imputer',
                 TransformerWrapper(include=['age', 'edu_level', 'fav_animals',
                                             'fav_place', 'gender'],
                                    transformer=SimpleImputer(strategy='most_frequent'))),
                ('ordinal_encoding',
                 Trans...
                                                               mapping=[{'col': 'gender',
                                                                         'data_type': dtype('O'),
                                                                         'mapping': Kobieta      0
Mężczyzna    1
NaN         -1
dtype: int64}]))),
                ('onehot_encoding',
                 TransformerWrapper(include=['age', 'edu_level', 'fav_animals',
                                             'fav_place'],
                                    transformer=OneHotEncoder(cols=['age',
                                                                    'edu_level',
                                                                    'fav_animals',
                                                                    'fav_place'],
                                                              handle_missing='return_nan',
                                                              use_cat_names=True))),
                ('trained_model', KMeans(random_state=123))]), ml_usecase=None)
2025-03-07 17:17:04,250:INFO:Set up data.
2025-03-07 17:21:25,560:WARNING:
'cuml' is a soft dependency and not included in the pycaret installation. Please run: `pip install cuml` to install.
2025-03-07 17:21:25,560:WARNING:
'cuml' is a soft dependency and not included in the pycaret installation. Please run: `pip install cuml` to install.
2025-03-07 17:21:25,560:WARNING:
'cuml' is a soft dependency and not included in the pycaret installation. Please run: `pip install cuml` to install.
2025-03-07 17:21:25,561:WARNING:
'cuml' is a soft dependency and not included in the pycaret installation. Please run: `pip install cuml` to install.
2025-03-07 17:21:34,517:INFO:Initializing load_model()
2025-03-07 17:21:34,518:INFO:load_model(model_name=welcome_survey_clustering_pipeline_v2, platform=None, authentication=None, verbose=True)
2025-03-07 17:21:35,184:INFO:Initializing predict_model()
2025-03-07 17:21:35,184:INFO:predict_model(self=<pycaret.clustering.oop.ClusteringExperiment object at 0x000001C14F7A0210>, estimator=Pipeline(memory=Memory(location=None),
         steps=[('numerical_imputer',
                 TransformerWrapper(include=[], transformer=SimpleImputer())),
                ('categorical_imputer',
                 TransformerWrapper(include=['age', 'edu_level', 'fav_animals',
                                             'fav_place', 'gender'],
                                    transformer=SimpleImputer(strategy='most_frequent'))),
                ('ordinal_encoding',
                 TransformerWrapper(include=['gender'],
                                    transfo...
                                                               mapping=[{'col': 'gender',
                                                                         'data_type': dtype('O'),
                                                                         'mapping': Kobieta      0
Mężczyzna    1
NaN         -1
dtype: int64}]))),
                ('onehot_encoding',
                 TransformerWrapper(include=['age', 'edu_level', 'fav_animals',
                                             'fav_place'],
                                    transformer=OneHotEncoder(cols=['age',
                                                                    'edu_level',
                                                                    'fav_animals',
                                                                    'fav_place'],
                                                              handle_missing='return_nan',
                                                              use_cat_names=True))),
                ('trained_model', KMeans(random_state=123))]), ml_usecase=None)
2025-03-07 17:21:35,194:INFO:Set up data.
2025-03-07 17:21:36,281:INFO:Initializing predict_model()
2025-03-07 17:21:36,282:INFO:predict_model(self=<pycaret.clustering.oop.ClusteringExperiment object at 0x000001C158AE68D0>, estimator=Pipeline(memory=Memory(location=None),
         steps=[('numerical_imputer',
                 TransformerWrapper(include=[], transformer=SimpleImputer())),
                ('categorical_imputer',
                 TransformerWrapper(include=['age', 'edu_level', 'fav_animals',
                                             'fav_place', 'gender'],
                                    transformer=SimpleImputer(strategy='most_frequent'))),
                ('ordinal_encoding',
                 TransformerWrapper(include=['gender'],
                                    transfo...
                                                               mapping=[{'col': 'gender',
                                                                         'data_type': dtype('O'),
                                                                         'mapping': Kobieta      0
Mężczyzna    1
NaN         -1
dtype: int64}]))),
                ('onehot_encoding',
                 TransformerWrapper(include=['age', 'edu_level', 'fav_animals',
                                             'fav_place'],
                                    transformer=OneHotEncoder(cols=['age',
                                                                    'edu_level',
                                                                    'fav_animals',
                                                                    'fav_place'],
                                                              handle_missing='return_nan',
                                                              use_cat_names=True))),
                ('trained_model', KMeans(random_state=123))]), ml_usecase=None)
2025-03-07 17:21:36,282:INFO:Set up data.
2025-03-07 17:21:52,680:INFO:Initializing predict_model()
2025-03-07 17:21:52,680:INFO:predict_model(self=<pycaret.clustering.oop.ClusteringExperiment object at 0x000001C159693F50>, estimator=Pipeline(memory=Memory(location=None),
         steps=[('numerical_imputer',
                 TransformerWrapper(include=[], transformer=SimpleImputer())),
                ('categorical_imputer',
                 TransformerWrapper(include=['age', 'edu_level', 'fav_animals',
                                             'fav_place', 'gender'],
                                    transformer=SimpleImputer(strategy='most_frequent'))),
                ('ordinal_encoding',
                 TransformerWrapper(include=['gender'],
                                    transfo...
                                                               mapping=[{'col': 'gender',
                                                                         'data_type': dtype('O'),
                                                                         'mapping': Kobieta      0
Mężczyzna    1
NaN         -1
dtype: int64}]))),
                ('onehot_encoding',
                 TransformerWrapper(include=['age', 'edu_level', 'fav_animals',
                                             'fav_place'],
                                    transformer=OneHotEncoder(cols=['age',
                                                                    'edu_level',
                                                                    'fav_animals',
                                                                    'fav_place'],
                                                              handle_missing='return_nan',
                                                              use_cat_names=True))),
                ('trained_model', KMeans(random_state=123))]), ml_usecase=None)
2025-03-07 17:21:52,680:INFO:Set up data.
2025-03-07 17:21:55,120:INFO:Initializing predict_model()
2025-03-07 17:21:55,120:INFO:predict_model(self=<pycaret.clustering.oop.ClusteringExperiment object at 0x000001C15940F150>, estimator=Pipeline(memory=Memory(location=None),
         steps=[('numerical_imputer',
                 TransformerWrapper(include=[], transformer=SimpleImputer())),
                ('categorical_imputer',
                 TransformerWrapper(include=['age', 'edu_level', 'fav_animals',
                                             'fav_place', 'gender'],
                                    transformer=SimpleImputer(strategy='most_frequent'))),
                ('ordinal_encoding',
                 TransformerWrapper(include=['gender'],
                                    transfo...
                                                               mapping=[{'col': 'gender',
                                                                         'data_type': dtype('O'),
                                                                         'mapping': Kobieta      0
Mężczyzna    1
NaN         -1
dtype: int64}]))),
                ('onehot_encoding',
                 TransformerWrapper(include=['age', 'edu_level', 'fav_animals',
                                             'fav_place'],
                                    transformer=OneHotEncoder(cols=['age',
                                                                    'edu_level',
                                                                    'fav_animals',
                                                                    'fav_place'],
                                                              handle_missing='return_nan',
                                                              use_cat_names=True))),
                ('trained_model', KMeans(random_state=123))]), ml_usecase=None)
2025-03-07 17:21:55,136:INFO:Set up data.
2025-03-07 17:21:59,319:INFO:Initializing predict_model()
2025-03-07 17:21:59,319:INFO:predict_model(self=<pycaret.clustering.oop.ClusteringExperiment object at 0x000001C158D42290>, estimator=Pipeline(memory=Memory(location=None),
         steps=[('numerical_imputer',
                 TransformerWrapper(include=[], transformer=SimpleImputer())),
                ('categorical_imputer',
                 TransformerWrapper(include=['age', 'edu_level', 'fav_animals',
                                             'fav_place', 'gender'],
                                    transformer=SimpleImputer(strategy='most_frequent'))),
                ('ordinal_encoding',
                 TransformerWrapper(include=['gender'],
                                    transfo...
                                                               mapping=[{'col': 'gender',
                                                                         'data_type': dtype('O'),
                                                                         'mapping': Kobieta      0
Mężczyzna    1
NaN         -1
dtype: int64}]))),
                ('onehot_encoding',
                 TransformerWrapper(include=['age', 'edu_level', 'fav_animals',
                                             'fav_place'],
                                    transformer=OneHotEncoder(cols=['age',
                                                                    'edu_level',
                                                                    'fav_animals',
                                                                    'fav_place'],
                                                              handle_missing='return_nan',
                                                              use_cat_names=True))),
                ('trained_model', KMeans(random_state=123))]), ml_usecase=None)
2025-03-07 17:21:59,319:INFO:Set up data.
2025-03-07 17:22:02,695:INFO:Initializing predict_model()
2025-03-07 17:22:02,695:INFO:predict_model(self=<pycaret.clustering.oop.ClusteringExperiment object at 0x000001C158AE70D0>, estimator=Pipeline(memory=Memory(location=None),
         steps=[('numerical_imputer',
                 TransformerWrapper(include=[], transformer=SimpleImputer())),
                ('categorical_imputer',
                 TransformerWrapper(include=['age', 'edu_level', 'fav_animals',
                                             'fav_place', 'gender'],
                                    transformer=SimpleImputer(strategy='most_frequent'))),
                ('ordinal_encoding',
                 TransformerWrapper(include=['gender'],
                                    transfo...
                                                               mapping=[{'col': 'gender',
                                                                         'data_type': dtype('O'),
                                                                         'mapping': Kobieta      0
Mężczyzna    1
NaN         -1
dtype: int64}]))),
                ('onehot_encoding',
                 TransformerWrapper(include=['age', 'edu_level', 'fav_animals',
                                             'fav_place'],
                                    transformer=OneHotEncoder(cols=['age',
                                                                    'edu_level',
                                                                    'fav_animals',
                                                                    'fav_place'],
                                                              handle_missing='return_nan',
                                                              use_cat_names=True))),
                ('trained_model', KMeans(random_state=123))]), ml_usecase=None)
2025-03-07 17:22:02,695:INFO:Set up data.
2025-03-07 17:22:05,714:INFO:Initializing predict_model()
2025-03-07 17:22:05,714:INFO:predict_model(self=<pycaret.clustering.oop.ClusteringExperiment object at 0x000001C15006AC90>, estimator=Pipeline(memory=Memory(location=None),
         steps=[('numerical_imputer',
                 TransformerWrapper(include=[], transformer=SimpleImputer())),
                ('categorical_imputer',
                 TransformerWrapper(include=['age', 'edu_level', 'fav_animals',
                                             'fav_place', 'gender'],
                                    transformer=SimpleImputer(strategy='most_frequent'))),
                ('ordinal_encoding',
                 TransformerWrapper(include=['gender'],
                                    transfo...
                                                               mapping=[{'col': 'gender',
                                                                         'data_type': dtype('O'),
                                                                         'mapping': Kobieta      0
Mężczyzna    1
NaN         -1
dtype: int64}]))),
                ('onehot_encoding',
                 TransformerWrapper(include=['age', 'edu_level', 'fav_animals',
                                             'fav_place'],
                                    transformer=OneHotEncoder(cols=['age',
                                                                    'edu_level',
                                                                    'fav_animals',
                                                                    'fav_place'],
                                                              handle_missing='return_nan',
                                                              use_cat_names=True))),
                ('trained_model', KMeans(random_state=123))]), ml_usecase=None)
2025-03-07 17:22:05,715:INFO:Set up data.
2025-03-07 17:22:07,288:INFO:Initializing predict_model()
2025-03-07 17:22:07,288:INFO:predict_model(self=<pycaret.clustering.oop.ClusteringExperiment object at 0x000001C15A78B350>, estimator=Pipeline(memory=Memory(location=None),
         steps=[('numerical_imputer',
                 TransformerWrapper(include=[], transformer=SimpleImputer())),
                ('categorical_imputer',
                 TransformerWrapper(include=['age', 'edu_level', 'fav_animals',
                                             'fav_place', 'gender'],
                                    transformer=SimpleImputer(strategy='most_frequent'))),
                ('ordinal_encoding',
                 TransformerWrapper(include=['gender'],
                                    transfo...
                                                               mapping=[{'col': 'gender',
                                                                         'data_type': dtype('O'),
                                                                         'mapping': Kobieta      0
Mężczyzna    1
NaN         -1
dtype: int64}]))),
                ('onehot_encoding',
                 TransformerWrapper(include=['age', 'edu_level', 'fav_animals',
                                             'fav_place'],
                                    transformer=OneHotEncoder(cols=['age',
                                                                    'edu_level',
                                                                    'fav_animals',
                                                                    'fav_place'],
                                                              handle_missing='return_nan',
                                                              use_cat_names=True))),
                ('trained_model', KMeans(random_state=123))]), ml_usecase=None)
2025-03-07 17:22:07,288:INFO:Set up data.
2025-03-07 17:22:08,054:INFO:Initializing predict_model()
2025-03-07 17:22:08,054:INFO:predict_model(self=<pycaret.clustering.oop.ClusteringExperiment object at 0x000001C1594CDD10>, estimator=Pipeline(memory=Memory(location=None),
         steps=[('numerical_imputer',
                 TransformerWrapper(include=[], transformer=SimpleImputer())),
                ('categorical_imputer',
                 TransformerWrapper(include=['age', 'edu_level', 'fav_animals',
                                             'fav_place', 'gender'],
                                    transformer=SimpleImputer(strategy='most_frequent'))),
                ('ordinal_encoding',
                 TransformerWrapper(include=['gender'],
                                    transfo...
                                                               mapping=[{'col': 'gender',
                                                                         'data_type': dtype('O'),
                                                                         'mapping': Kobieta      0
Mężczyzna    1
NaN         -1
dtype: int64}]))),
                ('onehot_encoding',
                 TransformerWrapper(include=['age', 'edu_level', 'fav_animals',
                                             'fav_place'],
                                    transformer=OneHotEncoder(cols=['age',
                                                                    'edu_level',
                                                                    'fav_animals',
                                                                    'fav_place'],
                                                              handle_missing='return_nan',
                                                              use_cat_names=True))),
                ('trained_model', KMeans(random_state=123))]), ml_usecase=None)
2025-03-07 17:22:08,055:INFO:Set up data.
2025-03-07 17:22:10,073:INFO:Initializing predict_model()
2025-03-07 17:22:10,073:INFO:predict_model(self=<pycaret.clustering.oop.ClusteringExperiment object at 0x000001C150A03490>, estimator=Pipeline(memory=Memory(location=None),
         steps=[('numerical_imputer',
                 TransformerWrapper(include=[], transformer=SimpleImputer())),
                ('categorical_imputer',
                 TransformerWrapper(include=['age', 'edu_level', 'fav_animals',
                                             'fav_place', 'gender'],
                                    transformer=SimpleImputer(strategy='most_frequent'))),
                ('ordinal_encoding',
                 TransformerWrapper(include=['gender'],
                                    transfo...
                                                               mapping=[{'col': 'gender',
                                                                         'data_type': dtype('O'),
                                                                         'mapping': Kobieta      0
Mężczyzna    1
NaN         -1
dtype: int64}]))),
                ('onehot_encoding',
                 TransformerWrapper(include=['age', 'edu_level', 'fav_animals',
                                             'fav_place'],
                                    transformer=OneHotEncoder(cols=['age',
                                                                    'edu_level',
                                                                    'fav_animals',
                                                                    'fav_place'],
                                                              handle_missing='return_nan',
                                                              use_cat_names=True))),
                ('trained_model', KMeans(random_state=123))]), ml_usecase=None)
2025-03-07 17:22:10,073:INFO:Set up data.
2025-03-07 17:31:56,574:INFO:Initializing predict_model()
2025-03-07 17:31:56,574:INFO:predict_model(self=<pycaret.clustering.oop.ClusteringExperiment object at 0x000001C15A6DE890>, estimator=Pipeline(memory=Memory(location=None),
         steps=[('numerical_imputer',
                 TransformerWrapper(include=[], transformer=SimpleImputer())),
                ('categorical_imputer',
                 TransformerWrapper(include=['age', 'edu_level', 'fav_animals',
                                             'fav_place', 'gender'],
                                    transformer=SimpleImputer(strategy='most_frequent'))),
                ('ordinal_encoding',
                 TransformerWrapper(include=['gender'],
                                    transfo...
                                                               mapping=[{'col': 'gender',
                                                                         'data_type': dtype('O'),
                                                                         'mapping': Kobieta      0
Mężczyzna    1
NaN         -1
dtype: int64}]))),
                ('onehot_encoding',
                 TransformerWrapper(include=['age', 'edu_level', 'fav_animals',
                                             'fav_place'],
                                    transformer=OneHotEncoder(cols=['age',
                                                                    'edu_level',
                                                                    'fav_animals',
                                                                    'fav_place'],
                                                              handle_missing='return_nan',
                                                              use_cat_names=True))),
                ('trained_model', KMeans(random_state=123))]), ml_usecase=None)
2025-03-07 17:31:56,591:INFO:Set up data.
2025-03-07 17:32:43,001:INFO:Initializing predict_model()
2025-03-07 17:32:43,001:INFO:predict_model(self=<pycaret.clustering.oop.ClusteringExperiment object at 0x000001C158CE3B50>, estimator=Pipeline(memory=Memory(location=None),
         steps=[('numerical_imputer',
                 TransformerWrapper(include=[], transformer=SimpleImputer())),
                ('categorical_imputer',
                 TransformerWrapper(include=['age', 'edu_level', 'fav_animals',
                                             'fav_place', 'gender'],
                                    transformer=SimpleImputer(strategy='most_frequent'))),
                ('ordinal_encoding',
                 TransformerWrapper(include=['gender'],
                                    transfo...
                                                               mapping=[{'col': 'gender',
                                                                         'data_type': dtype('O'),
                                                                         'mapping': Kobieta      0
Mężczyzna    1
NaN         -1
dtype: int64}]))),
                ('onehot_encoding',
                 TransformerWrapper(include=['age', 'edu_level', 'fav_animals',
                                             'fav_place'],
                                    transformer=OneHotEncoder(cols=['age',
                                                                    'edu_level',
                                                                    'fav_animals',
                                                                    'fav_place'],
                                                              handle_missing='return_nan',
                                                              use_cat_names=True))),
                ('trained_model', KMeans(random_state=123))]), ml_usecase=None)
2025-03-07 17:32:43,002:INFO:Set up data.
2025-03-07 17:32:50,149:INFO:Initializing load_model()
2025-03-07 17:32:50,149:INFO:load_model(model_name=welcome_survey_clustering_pipeline_v2, platform=None, authentication=None, verbose=True)
2025-03-07 17:32:50,334:INFO:Initializing predict_model()
2025-03-07 17:32:50,335:INFO:predict_model(self=<pycaret.clustering.oop.ClusteringExperiment object at 0x000001C1588E7C50>, estimator=Pipeline(memory=Memory(location=None),
         steps=[('numerical_imputer',
                 TransformerWrapper(include=[], transformer=SimpleImputer())),
                ('categorical_imputer',
                 TransformerWrapper(include=['age', 'edu_level', 'fav_animals',
                                             'fav_place', 'gender'],
                                    transformer=SimpleImputer(strategy='most_frequent'))),
                ('ordinal_encoding',
                 TransformerWrapper(include=['gender'],
                                    transfo...
                                                               mapping=[{'col': 'gender',
                                                                         'data_type': dtype('O'),
                                                                         'mapping': Kobieta      0
Mężczyzna    1
NaN         -1
dtype: int64}]))),
                ('onehot_encoding',
                 TransformerWrapper(include=['age', 'edu_level', 'fav_animals',
                                             'fav_place'],
                                    transformer=OneHotEncoder(cols=['age',
                                                                    'edu_level',
                                                                    'fav_animals',
                                                                    'fav_place'],
                                                              handle_missing='return_nan',
                                                              use_cat_names=True))),
                ('trained_model', KMeans(random_state=123))]), ml_usecase=None)
2025-03-07 17:32:50,335:INFO:Set up data.
2025-03-07 17:32:50,540:INFO:Initializing predict_model()
2025-03-07 17:32:50,540:INFO:predict_model(self=<pycaret.clustering.oop.ClusteringExperiment object at 0x000001C15A744390>, estimator=Pipeline(memory=Memory(location=None),
         steps=[('numerical_imputer',
                 TransformerWrapper(include=[], transformer=SimpleImputer())),
                ('categorical_imputer',
                 TransformerWrapper(include=['age', 'edu_level', 'fav_animals',
                                             'fav_place', 'gender'],
                                    transformer=SimpleImputer(strategy='most_frequent'))),
                ('ordinal_encoding',
                 TransformerWrapper(include=['gender'],
                                    transfo...
                                                               mapping=[{'col': 'gender',
                                                                         'data_type': dtype('O'),
                                                                         'mapping': Kobieta      0
Mężczyzna    1
NaN         -1
dtype: int64}]))),
                ('onehot_encoding',
                 TransformerWrapper(include=['age', 'edu_level', 'fav_animals',
                                             'fav_place'],
                                    transformer=OneHotEncoder(cols=['age',
                                                                    'edu_level',
                                                                    'fav_animals',
                                                                    'fav_place'],
                                                              handle_missing='return_nan',
                                                              use_cat_names=True))),
                ('trained_model', KMeans(random_state=123))]), ml_usecase=None)
2025-03-07 17:32:50,540:INFO:Set up data.
2025-03-07 17:35:22,157:INFO:Initializing predict_model()
2025-03-07 17:35:22,157:INFO:predict_model(self=<pycaret.clustering.oop.ClusteringExperiment object at 0x000001C15102C890>, estimator=Pipeline(memory=Memory(location=None),
         steps=[('numerical_imputer',
                 TransformerWrapper(include=[], transformer=SimpleImputer())),
                ('categorical_imputer',
                 TransformerWrapper(include=['age', 'edu_level', 'fav_animals',
                                             'fav_place', 'gender'],
                                    transformer=SimpleImputer(strategy='most_frequent'))),
                ('ordinal_encoding',
                 TransformerWrapper(include=['gender'],
                                    transfo...
                                                               mapping=[{'col': 'gender',
                                                                         'data_type': dtype('O'),
                                                                         'mapping': Kobieta      0
Mężczyzna    1
NaN         -1
dtype: int64}]))),
                ('onehot_encoding',
                 TransformerWrapper(include=['age', 'edu_level', 'fav_animals',
                                             'fav_place'],
                                    transformer=OneHotEncoder(cols=['age',
                                                                    'edu_level',
                                                                    'fav_animals',
                                                                    'fav_place'],
                                                              handle_missing='return_nan',
                                                              use_cat_names=True))),
                ('trained_model', KMeans(random_state=123))]), ml_usecase=None)
2025-03-07 17:35:22,157:INFO:Set up data.
2025-03-07 17:35:46,216:INFO:Initializing predict_model()
2025-03-07 17:35:46,216:INFO:predict_model(self=<pycaret.clustering.oop.ClusteringExperiment object at 0x000001C15A783F50>, estimator=Pipeline(memory=Memory(location=None),
         steps=[('numerical_imputer',
                 TransformerWrapper(include=[], transformer=SimpleImputer())),
                ('categorical_imputer',
                 TransformerWrapper(include=['age', 'edu_level', 'fav_animals',
                                             'fav_place', 'gender'],
                                    transformer=SimpleImputer(strategy='most_frequent'))),
                ('ordinal_encoding',
                 TransformerWrapper(include=['gender'],
                                    transfo...
                                                               mapping=[{'col': 'gender',
                                                                         'data_type': dtype('O'),
                                                                         'mapping': Kobieta      0
Mężczyzna    1
NaN         -1
dtype: int64}]))),
                ('onehot_encoding',
                 TransformerWrapper(include=['age', 'edu_level', 'fav_animals',
                                             'fav_place'],
                                    transformer=OneHotEncoder(cols=['age',
                                                                    'edu_level',
                                                                    'fav_animals',
                                                                    'fav_place'],
                                                              handle_missing='return_nan',
                                                              use_cat_names=True))),
                ('trained_model', KMeans(random_state=123))]), ml_usecase=None)
2025-03-07 17:35:46,216:INFO:Set up data.
2025-03-07 17:35:53,243:INFO:Initializing predict_model()
2025-03-07 17:35:53,243:INFO:predict_model(self=<pycaret.clustering.oop.ClusteringExperiment object at 0x000001C15A6E1090>, estimator=Pipeline(memory=Memory(location=None),
         steps=[('numerical_imputer',
                 TransformerWrapper(include=[], transformer=SimpleImputer())),
                ('categorical_imputer',
                 TransformerWrapper(include=['age', 'edu_level', 'fav_animals',
                                             'fav_place', 'gender'],
                                    transformer=SimpleImputer(strategy='most_frequent'))),
                ('ordinal_encoding',
                 TransformerWrapper(include=['gender'],
                                    transfo...
                                                               mapping=[{'col': 'gender',
                                                                         'data_type': dtype('O'),
                                                                         'mapping': Kobieta      0
Mężczyzna    1
NaN         -1
dtype: int64}]))),
                ('onehot_encoding',
                 TransformerWrapper(include=['age', 'edu_level', 'fav_animals',
                                             'fav_place'],
                                    transformer=OneHotEncoder(cols=['age',
                                                                    'edu_level',
                                                                    'fav_animals',
                                                                    'fav_place'],
                                                              handle_missing='return_nan',
                                                              use_cat_names=True))),
                ('trained_model', KMeans(random_state=123))]), ml_usecase=None)
2025-03-07 17:35:53,243:INFO:Set up data.
2025-03-07 17:36:00,164:INFO:Initializing predict_model()
2025-03-07 17:36:00,164:INFO:predict_model(self=<pycaret.clustering.oop.ClusteringExperiment object at 0x000001C1594BF2D0>, estimator=Pipeline(memory=Memory(location=None),
         steps=[('numerical_imputer',
                 TransformerWrapper(include=[], transformer=SimpleImputer())),
                ('categorical_imputer',
                 TransformerWrapper(include=['age', 'edu_level', 'fav_animals',
                                             'fav_place', 'gender'],
                                    transformer=SimpleImputer(strategy='most_frequent'))),
                ('ordinal_encoding',
                 TransformerWrapper(include=['gender'],
                                    transfo...
                                                               mapping=[{'col': 'gender',
                                                                         'data_type': dtype('O'),
                                                                         'mapping': Kobieta      0
Mężczyzna    1
NaN         -1
dtype: int64}]))),
                ('onehot_encoding',
                 TransformerWrapper(include=['age', 'edu_level', 'fav_animals',
                                             'fav_place'],
                                    transformer=OneHotEncoder(cols=['age',
                                                                    'edu_level',
                                                                    'fav_animals',
                                                                    'fav_place'],
                                                              handle_missing='return_nan',
                                                              use_cat_names=True))),
                ('trained_model', KMeans(random_state=123))]), ml_usecase=None)
2025-03-07 17:36:00,164:INFO:Set up data.
2025-03-07 17:36:05,408:INFO:Initializing predict_model()
2025-03-07 17:36:05,408:INFO:predict_model(self=<pycaret.clustering.oop.ClusteringExperiment object at 0x000001C15891BE90>, estimator=Pipeline(memory=Memory(location=None),
         steps=[('numerical_imputer',
                 TransformerWrapper(include=[], transformer=SimpleImputer())),
                ('categorical_imputer',
                 TransformerWrapper(include=['age', 'edu_level', 'fav_animals',
                                             'fav_place', 'gender'],
                                    transformer=SimpleImputer(strategy='most_frequent'))),
                ('ordinal_encoding',
                 TransformerWrapper(include=['gender'],
                                    transfo...
                                                               mapping=[{'col': 'gender',
                                                                         'data_type': dtype('O'),
                                                                         'mapping': Kobieta      0
Mężczyzna    1
NaN         -1
dtype: int64}]))),
                ('onehot_encoding',
                 TransformerWrapper(include=['age', 'edu_level', 'fav_animals',
                                             'fav_place'],
                                    transformer=OneHotEncoder(cols=['age',
                                                                    'edu_level',
                                                                    'fav_animals',
                                                                    'fav_place'],
                                                              handle_missing='return_nan',
                                                              use_cat_names=True))),
                ('trained_model', KMeans(random_state=123))]), ml_usecase=None)
2025-03-07 17:36:05,408:INFO:Set up data.
2025-03-07 17:48:03,627:INFO:Initializing predict_model()
2025-03-07 17:48:03,628:INFO:predict_model(self=<pycaret.clustering.oop.ClusteringExperiment object at 0x000001C14E5B5C50>, estimator=Pipeline(memory=Memory(location=None),
         steps=[('numerical_imputer',
                 TransformerWrapper(include=[], transformer=SimpleImputer())),
                ('categorical_imputer',
                 TransformerWrapper(include=['age', 'edu_level', 'fav_animals',
                                             'fav_place', 'gender'],
                                    transformer=SimpleImputer(strategy='most_frequent'))),
                ('ordinal_encoding',
                 TransformerWrapper(include=['gender'],
                                    transfo...
                                                               mapping=[{'col': 'gender',
                                                                         'data_type': dtype('O'),
                                                                         'mapping': Kobieta      0
Mężczyzna    1
NaN         -1
dtype: int64}]))),
                ('onehot_encoding',
                 TransformerWrapper(include=['age', 'edu_level', 'fav_animals',
                                             'fav_place'],
                                    transformer=OneHotEncoder(cols=['age',
                                                                    'edu_level',
                                                                    'fav_animals',
                                                                    'fav_place'],
                                                              handle_missing='return_nan',
                                                              use_cat_names=True))),
                ('trained_model', KMeans(random_state=123))]), ml_usecase=None)
2025-03-07 17:48:03,628:INFO:Set up data.
